<?xml version="1.0" encoding="UTF-8"?>
<testng-results ignored="0" total="1" passed="1" failed="0" skipped="0">
  <reporter-output>
  </reporter-output>
  <suite started-at="2021-05-12T19:23:25 IST" name="Default suite" finished-at="2021-05-12T19:24:43 IST" duration-ms="77856">
    <groups>
    </groups>
    <test started-at="2021-05-12T19:23:25 IST" name="Default test" finished-at="2021-05-12T19:24:43 IST" duration-ms="77856">
      <class name="tests.Test_01">
        <test-method signature="test1()[pri:0, instance:tests.Test_01@6631f5ca]" started-at="2021-05-12T19:23:25 IST" name="test1" finished-at="2021-05-12T19:24:43 IST" duration-ms="77238" status="PASS">
          <reporter-output>
          </reporter-output>
        </test-method> <!-- test1 -->
        <test-method is-config="true" signature="tearDown()[pri:0, instance:tests.Test_01@6631f5ca]" started-at="2021-05-12T19:24:43 IST" name="tearDown" finished-at="2021-05-12T19:24:43 IST" duration-ms="596" status="PASS">
          <reporter-output>
          </reporter-output>
        </test-method> <!-- tearDown -->
      </class> <!-- tests.Test_01 -->
    </test> <!-- Default test -->
  </suite> <!-- Default suite -->
</testng-results>
